<?xml version="1.0" encoding="UTF-8"?>
<testsuite xmlns:xsi="http://www.w3.org/2001/XMLSchema-instance" xsi:noNamespaceSchemaLocation="https://maven.apache.org/surefire/maven-surefire-plugin/xsd/surefire-test-report-3.0.xsd" version="3.0" name="ru.sberbank.uspincidentreport.MqtivolireportApplicationTests" time="133.061" tests="1" errors="0" skipped="0" failures="0">
  <properties>
[...]
</properties>
  <testcase name="contextLoads" classname="ru.sberbank.uspincidentreport.MqtivolireportApplicationTests" time="10.502">
    <system-out><![CDATA[18:59:56.530 [main] INFO org.springframework.test.context.support.AnnotationConfigContextLoaderUtils -- Could not detect default configuration classes for test class [ru.sberbank.uspincidentreport.MqtivolireportApplicationTests]: MqtivolireportApplicationTests does not declare any static, non-private, non-final, nested classes annotated with @Configuration.
18:59:58.321 [main] INFO org.springframework.boot.test.context.SpringBootTestContextBootstrapper -- Found @SpringBootConfiguration ru.sberbank.uspincidentreport.OIPKafkaGetClusterName for test class ru.sberbank.uspincidentreport.MqtivolireportApplicationTests
                                 _                   _        
  __ _  _ __    ___ __  __  ___ | |__    __ _  _ __ | |_  ___ 
 / _` || '_ \  / _ \\ \/ / / __|| '_ \  / _` || '__|| __|/ __|
| (_| || |_) ||  __/ >  < | (__ | | | || (_| || |   | |_ \__ \
 \__,_|| .__/  \___|/_/\_\ \___||_| |_| \__,_||_|    \__||___/
       |_|                                                    

2024-01-18T19:00:06.572+03:00  INFO 60555 --- [           main] r.s.u.MqtivolireportApplicationTests     : Starting MqtivolireportApplicationTests using Java 17.0.8 with PID 60555 (started by root in /home/eshustov/IdeaProjects/OIP_KAFKA_GET_CLUSTER_NAME)
2024-01-18T19:00:06.626+03:00  INFO 60555 --- [           main] r.s.u.MqtivolireportApplicationTests     : No active profile set, falling back to 1 default profile: "default"
2024-01-18T19:00:21.133+03:00  INFO 60555 --- [           main] .s.d.r.c.RepositoryConfigurationDelegate : Bootstrapping Spring Data JPA repositories in DEFAULT mode.
2024-01-18T19:00:22.516+03:00  INFO 60555 --- [           main] .s.d.r.c.RepositoryConfigurationDelegate : Finished Spring Data repository scanning in 1121 ms. Found 1 JPA repository interface.
2024-01-18T19:00:32.884+03:00  INFO 60555 --- [           main] o.hibernate.jpa.internal.util.LogHelper  : HHH000204: Processing PersistenceUnitInfo [name: default]
2024-01-18T19:00:34.943+03:00  INFO 60555 --- [           main] org.hibernate.Version                    : HHH000412: Hibernate ORM core version 6.4.1.Final
2024-01-18T19:00:36.010+03:00  INFO 60555 --- [           main] o.h.c.internal.RegionFactoryInitiator    : HHH000026: Second-level cache disabled
2024-01-18T19:00:43.992+03:00  INFO 60555 --- [           main] o.s.o.j.p.SpringPersistenceUnitInfo      : No LoadTimeWeaver setup: ignoring JPA class transformer
2024-01-18T19:00:45.016+03:00  INFO 60555 --- [           main] com.zaxxer.hikari.HikariDataSource       : HikariPool-1 - Starting...
2024-01-18T19:01:02.590+03:00  INFO 60555 --- [           main] com.zaxxer.hikari.pool.HikariPool        : HikariPool-1 - Added connection conn0: url=jdbc:h2:mem:73fd5219-d63b-4722-ae46-9e42851f0e7d user=SA
2024-01-18T19:01:02.645+03:00  INFO 60555 --- [           main] com.zaxxer.hikari.HikariDataSource       : HikariPool-1 - Start completed.
2024-01-18T19:01:03.696+03:00  WARN 60555 --- [           main] org.hibernate.dialect.Dialect            : HHH000511: The 2.2.0 version for [org.hibernate.dialect.OracleDialect] is no longer supported, hence certain features may not work properly. The minimum supported version is 19.0.0. Check the community dialects project for available legacy versions.
2024-01-18T19:01:03.855+03:00  WARN 60555 --- [           main] org.hibernate.orm.deprecation            : HHH90000025: OracleDialect does not need to be specified explicitly using 'hibernate.dialect' (remove the property setting and it will be selected by default)
2024-01-18T19:01:26.490+03:00  INFO 60555 --- [           main] o.h.e.t.j.p.i.JtaPlatformInitiator       : HHH000489: No JTA platform available (set 'hibernate.transaction.jta.platform' to enable JTA platform integration)
2024-01-18T19:01:26.604+03:00  INFO 60555 --- [           main] j.LocalContainerEntityManagerFactoryBean : Initialized JPA EntityManagerFactory for persistence unit 'default'
2024-01-18T19:01:34.144+03:00  WARN 60555 --- [           main] JpaBaseConfiguration$JpaWebConfiguration : spring.jpa.open-in-view is enabled by default. Therefore, database queries may be performed during view rendering. Explicitly configure spring.jpa.open-in-view to disable this warning
2024-01-18T19:01:52.681+03:00  INFO 60555 --- [           main] o.s.d.j.r.query.QueryEnhancerFactory     : Hibernate is in classpath; If applicable, HQL parser will be used.
2024-01-18T19:01:54.942+03:00  INFO 60555 --- [           main] r.s.u.MqtivolireportApplicationTests     : Started MqtivolireportApplicationTests in 113.464 seconds (process running for 131.829)
]]></system-out>
  </testcase>
</testsuite>