<?xml version="1.0" encoding="UTF-8"?>
<testsuite xmlns:xsi="http://www.w3.org/2001/XMLSchema-instance" xsi:noNamespaceSchemaLocation="https://maven.apache.org/surefire/maven-surefire-plugin/xsd/surefire-test-report-3.0.xsd" version="3.0" name="ru.sberbank.cip_corax_get_cluster_name.ActiveReportsApplicationTests" time="93.603" tests="1" errors="0" skipped="0" failures="0">
  <properties>
[...]
</properties>
  <testcase name="contextLoads" classname="ru.sberbank.cip_corax_get_cluster_name.ActiveReportsApplicationTests" time="9.158">
    <system-out><![CDATA[17:51:50.499 [main] INFO org.springframework.test.context.support.AnnotationConfigContextLoaderUtils -- Could not detect default configuration classes for test class [ru.sberbank.cip_corax_get_cluster_name.ActiveReportsApplicationTests]: ActiveReportsApplicationTests does not declare any static, non-private, non-final, nested classes annotated with @Configuration.
17:51:51.567 [main] INFO org.springframework.boot.test.context.SpringBootTestContextBootstrapper -- Found @SpringBootConfiguration ru.sberbank.cip_corax_get_cluster_name.OIPKafkaGetClusterName for test class ru.sberbank.cip_corax_get_cluster_name.ActiveReportsApplicationTests

  .   ____          _            __ _ _
 /\\ / ___'_ __ _ _(_)_ __  __ _ \ \ \ \
( ( )\___ | '_ | '_| | '_ \/ _` | \ \ \ \
 \\/  ___)| |_)| | | | | || (_| |  ) ) ) )
  '  |____| .__|_| |_|_| |_\__, | / / / /
 =========|_|==============|___/=/_/_/_/
 :: Spring Boot ::                (v3.2.1)

2024-01-30T17:51:56.715+03:00  INFO 10195 --- [           main] r.s.c.ActiveReportsApplicationTests      : Starting ActiveReportsApplicationTests using Java 17.0.8 with PID 10195 (started by root in /home/eshustov/IdeaProjects/OIP_KAFKA_GET_CLUSTER_NAME)
2024-01-30T17:51:56.744+03:00  INFO 10195 --- [           main] r.s.c.ActiveReportsApplicationTests      : No active profile set, falling back to 1 default profile: "default"
2024-01-30T17:52:06.558+03:00  INFO 10195 --- [           main] .s.d.r.c.RepositoryConfigurationDelegate : Bootstrapping Spring Data JPA repositories in DEFAULT mode.
2024-01-30T17:52:07.464+03:00  INFO 10195 --- [           main] .s.d.r.c.RepositoryConfigurationDelegate : Finished Spring Data repository scanning in 750 ms. Found 1 JPA repository interface.
2024-01-30T17:52:15.871+03:00  INFO 10195 --- [           main] o.hibernate.jpa.internal.util.LogHelper  : HHH000204: Processing PersistenceUnitInfo [name: default]
2024-01-30T17:52:17.210+03:00  INFO 10195 --- [           main] org.hibernate.Version                    : HHH000412: Hibernate ORM core version 6.4.1.Final
2024-01-30T17:52:17.989+03:00  INFO 10195 --- [           main] o.h.c.internal.RegionFactoryInitiator    : HHH000026: Second-level cache disabled
2024-01-30T17:52:23.789+03:00  INFO 10195 --- [           main] o.s.o.j.p.SpringPersistenceUnitInfo      : No LoadTimeWeaver setup: ignoring JPA class transformer
2024-01-30T17:52:24.424+03:00  INFO 10195 --- [           main] com.zaxxer.hikari.HikariDataSource       : HikariPool-1 - Starting...
2024-01-30T17:52:30.506+03:00  INFO 10195 --- [           main] com.zaxxer.hikari.pool.HikariPool        : HikariPool-1 - Added connection conn0: url=jdbc:h2:/home/eshustov/IdeaProjects/OIP_KAFKA_GET_CLUSTER_NAME/data/myDB user=SA
2024-01-30T17:52:30.693+03:00  INFO 10195 --- [           main] com.zaxxer.hikari.HikariDataSource       : HikariPool-1 - Start completed.
2024-01-30T17:52:31.250+03:00  WARN 10195 --- [           main] org.hibernate.orm.deprecation            : HHH90000025: H2Dialect does not need to be specified explicitly using 'hibernate.dialect' (remove the property setting and it will be selected by default)
2024-01-30T17:52:48.470+03:00  INFO 10195 --- [           main] o.h.e.t.j.p.i.JtaPlatformInitiator       : HHH000489: No JTA platform available (set 'hibernate.transaction.jta.platform' to enable JTA platform integration)
2024-01-30T17:52:48.554+03:00  INFO 10195 --- [           main] j.LocalContainerEntityManagerFactoryBean : Initialized JPA EntityManagerFactory for persistence unit 'default'
2024-01-30T17:52:50.564+03:00  WARN 10195 --- [           main] JpaBaseConfiguration$JpaWebConfiguration : spring.jpa.open-in-view is enabled by default. Therefore, database queries may be performed during view rendering. Explicitly configure spring.jpa.open-in-view to disable this warning
2024-01-30T17:52:51.231+03:00  INFO 10195 --- [           main] s.s.l.DefaultSpringSecurityContextSource : Configure with URL ldap://localhost:8389/dc=springframework,dc=org and root DN dc=springframework,dc=org
2024-01-30T17:52:51.267+03:00  INFO 10195 --- [           main] o.s.l.c.support.AbstractContextSource    : Property 'userDn' not set - anonymous context will be used for read-write operations
2024-01-30T17:52:57.961+03:00  INFO 10195 --- [           main] o.s.s.web.DefaultSecurityFilterChain     : Will secure any request with [org.springframework.security.web.session.DisableEncodeUrlFilter@6dde913e, org.springframework.security.web.context.request.async.WebAsyncManagerIntegrationFilter@7b44e98e, org.springframework.security.web.context.SecurityContextHolderFilter@7359f3ac, org.springframework.security.web.header.HeaderWriterFilter@522f74a1, org.springframework.web.filter.CorsFilter@1e2bc241, org.springframework.security.web.csrf.CsrfFilter@278cbf5a, org.springframework.security.web.authentication.logout.LogoutFilter@28521ed5, org.springframework.security.web.authentication.UsernamePasswordAuthenticationFilter@32bae609, org.springframework.security.web.savedrequest.RequestCacheAwareFilter@3d9cba2, org.springframework.security.web.servletapi.SecurityContextHolderAwareRequestFilter@6c167296, org.springframework.security.web.authentication.AnonymousAuthenticationFilter@543196f9, org.springframework.security.web.access.ExceptionTranslationFilter@3d0f4ac4, org.springframework.security.web.access.intercept.AuthorizationFilter@2dc77962]
2024-01-30T17:53:08.448+03:00  INFO 10195 --- [           main] o.s.d.j.r.query.QueryEnhancerFactory     : Hibernate is in classpath; If applicable, HQL parser will be used.
2024-01-30T17:53:08.933+03:00  INFO 10195 --- [           main] o.s.b.a.h2.H2ConsoleAutoConfiguration    : H2 console available at '/h2-console'. Database available at 'jdbc:h2:/home/eshustov/IdeaProjects/OIP_KAFKA_GET_CLUSTER_NAME/data/myDB'
2024-01-30T17:53:11.526+03:00  INFO 10195 --- [           main] o.s.l.c.support.AbstractContextSource    : Property 'userDn' not set - anonymous context will be used for read-write operations
2024-01-30T17:53:11.803+03:00  WARN 10195 --- [           main] .s.s.UserDetailsServiceAutoConfiguration : 

Using generated security password: d221050c-1bc9-4ee6-a54a-0c55b1dbcf2c

This generated password is for development use only. Your security configuration must be updated before running your application in production.

2024-01-30T17:53:12.497+03:00  INFO 10195 --- [           main] r.s.c.ActiveReportsApplicationTests      : Started ActiveReportsApplicationTests in 79.088 seconds (process running for 87.829)
]]></system-out>
  </testcase>
</testsuite>